<?xml version="1.0" encoding="UTF-8"?>
<!-- Generated by org.testng.reporters.JUnitReportReporter -->
<testsuite hostname="sreeni" failures="0" tests="3" name="com.crm.orgTest.OrganizationTest" time="0.001" errors="0" timestamp="2022-02-01T15:56:21 IST" skipped="0">
  <testcase classname="com.crm.orgTest.OrganizationTest" name="modifyOrgTest" time="0.000"/>
  <system-out/>
  <testcase classname="com.crm.orgTest.OrganizationTest" name="createOrgTest" time="0.000"/>
  <system-out/>
  <testcase classname="com.crm.orgTest.OrganizationTest" name="modifyOrgTest1" time="0.001"/>
  <system-out/>
</testsuite> <!-- com.crm.orgTest.OrganizationTest -->
