<?xml version="1.0" encoding="UTF-8"?>
<!-- Generated by org.testng.reporters.JUnitReportReporter -->
<testsuite hostname="sreeni" failures="0" tests="2" name="com.crm.contactTest.ContactTest" time="0.010" errors="0" timestamp="2022-02-01T15:56:21 IST" skipped="0">
  <testcase classname="com.crm.contactTest.ContactTest" name="createContactTest" time="0.009"/>
  <system-out/>
  <testcase classname="com.crm.contactTest.ContactTest" name="modifyContactTest" time="0.001"/>
  <system-out/>
</testsuite> <!-- com.crm.contactTest.ContactTest -->
